The system is: Linux - 4.19.86-v7+ - armv7l
Compiling the C compiler identification source file "CMakeCCompilerId.c" succeeded.
Compiler: /usr/local/gcc-7.2.0/bin/gcc-7.2.0 
Build flags: 
Id flags: 

The output was:
0


Compilation of the C compiler identification source "CMakeCCompilerId.c" produced "a.out"

The C compiler identification is GNU, found in "/home/pi/Desktop/test/rpicomponents/CMakeFiles/3.4.1/CompilerIdC/a.out"

Compiling the CXX compiler identification source file "CMakeCXXCompilerId.cpp" succeeded.
Compiler: /usr/local/gcc-7.2.0/bin/g++-7.2.0 
Build flags: 
Id flags: 

The output was:
0


Compilation of the CXX compiler identification source "CMakeCXXCompilerId.cpp" produced "a.out"

The CXX compiler identification is GNU, found in "/home/pi/Desktop/test/rpicomponents/CMakeFiles/3.4.1/CompilerIdCXX/a.out"

Determining if the C compiler works passed with the following output:
Change Dir: /home/pi/Desktop/test/rpicomponents/CMakeFiles/CMakeTmp

Run Build Command:"/usr/bin/make" "cmTC_6ecf8/fast"
/usr/bin/make -f CMakeFiles/cmTC_6ecf8.dir/build.make CMakeFiles/cmTC_6ecf8.dir/build
make[1]: Entering directory '/home/pi/Desktop/test/rpicomponents/CMakeFiles/CMakeTmp'
Building C object CMakeFiles/cmTC_6ecf8.dir/testCCompiler.c.o
/usr/local/gcc-7.2.0/bin/gcc-7.2.0     -o CMakeFiles/cmTC_6ecf8.dir/testCCompiler.c.o   -c /home/pi/Desktop/test/rpicomponents/CMakeFiles/CMakeTmp/testCCompiler.c
Linking C executable cmTC_6ecf8
/usr/local/bin/cmake -E cmake_link_script CMakeFiles/cmTC_6ecf8.dir/link.txt --verbose=1
/usr/local/gcc-7.2.0/bin/gcc-7.2.0       CMakeFiles/cmTC_6ecf8.dir/testCCompiler.c.o  -o cmTC_6ecf8 
make[1]: Leaving directory '/home/pi/Desktop/test/rpicomponents/CMakeFiles/CMakeTmp'


Detecting C compiler ABI info compiled with the following output:
Change Dir: /home/pi/Desktop/test/rpicomponents/CMakeFiles/CMakeTmp

Run Build Command:"/usr/bin/make" "cmTC_52404/fast"
/usr/bin/make -f CMakeFiles/cmTC_52404.dir/build.make CMakeFiles/cmTC_52404.dir/build
make[1]: Entering directory '/home/pi/Desktop/test/rpicomponents/CMakeFiles/CMakeTmp'
Building C object CMakeFiles/cmTC_52404.dir/CMakeCCompilerABI.c.o
/usr/local/gcc-7.2.0/bin/gcc-7.2.0     -o CMakeFiles/cmTC_52404.dir/CMakeCCompilerABI.c.o   -c /usr/local/share/cmake-3.4/Modules/CMakeCCompilerABI.c
Linking C executable cmTC_52404
/usr/local/bin/cmake -E cmake_link_script CMakeFiles/cmTC_52404.dir/link.txt --verbose=1
/usr/local/gcc-7.2.0/bin/gcc-7.2.0      -v CMakeFiles/cmTC_52404.dir/CMakeCCompilerABI.c.o  -o cmTC_52404  
Using built-in specs.
COLLECT_GCC=/usr/local/gcc-7.2.0/bin/gcc-7.2.0
COLLECT_LTO_WRAPPER=/usr/local/gcc-7.2.0/libexec/gcc/arm-linux-gnueabihf/7.2.0/lto-wrapper
Target: arm-linux-gnueabihf
Configured with: ../gcc-7.2.0/configure -v --enable-languages=c,c++,fortran --prefix=/usr/local/gcc-7.2.0 --program-suffix=-7.2.0 --with-arch=armv6 --with-fpu=vfp --with-float=hard --build=arm-linux-gnueabihf --host=arm-linux-gnueabihf --target=arm-linux-gnueabihf
Thread model: posix
gcc version 7.2.0 (GCC) 
COMPILER_PATH=/usr/local/gcc-7.2.0/libexec/gcc/arm-linux-gnueabihf/7.2.0/:/usr/local/gcc-7.2.0/libexec/gcc/arm-linux-gnueabihf/7.2.0/:/usr/local/gcc-7.2.0/libexec/gcc/arm-linux-gnueabihf/:/usr/local/gcc-7.2.0/lib/gcc/arm-linux-gnueabihf/7.2.0/:/usr/local/gcc-7.2.0/lib/gcc/arm-linux-gnueabihf/
LIBRARY_PATH=/usr/local/gcc-7.2.0/lib/gcc/arm-linux-gnueabihf/7.2.0/:/usr/local/gcc-7.2.0/lib/gcc/arm-linux-gnueabihf/7.2.0/../../../:/lib/arm-linux-gnueabihf/:/lib/:/usr/lib/arm-linux-gnueabihf/:/usr/lib/
COLLECT_GCC_OPTIONS='-v' '-o' 'cmTC_52404' '-march=armv6' '-mfloat-abi=hard' '-mfpu=vfp' '-mtls-dialect=gnu'
 /usr/local/gcc-7.2.0/libexec/gcc/arm-linux-gnueabihf/7.2.0/collect2 -plugin /usr/local/gcc-7.2.0/libexec/gcc/arm-linux-gnueabihf/7.2.0/liblto_plugin.so -plugin-opt=/usr/local/gcc-7.2.0/libexec/gcc/arm-linux-gnueabihf/7.2.0/lto-wrapper -plugin-opt=-fresolution=/tmp/ccaOevQW.res -plugin-opt=-pass-through=-lgcc -plugin-opt=-pass-through=-lgcc_s -plugin-opt=-pass-through=-lc -plugin-opt=-pass-through=-lgcc -plugin-opt=-pass-through=-lgcc_s --eh-frame-hdr -dynamic-linker /lib/ld-linux-armhf.so.3 -X -m armelf_linux_eabi -o cmTC_52404 /usr/lib/arm-linux-gnueabihf/crt1.o /usr/lib/arm-linux-gnueabihf/crti.o /usr/local/gcc-7.2.0/lib/gcc/arm-linux-gnueabihf/7.2.0/crtbegin.o -L/usr/local/gcc-7.2.0/lib/gcc/arm-linux-gnueabihf/7.2.0 -L/usr/local/gcc-7.2.0/lib/gcc/arm-linux-gnueabihf/7.2.0/../../.. -L/lib/arm-linux-gnueabihf -L/usr/lib/arm-linux-gnueabihf CMakeFiles/cmTC_52404.dir/CMakeCCompilerABI.c.o -lgcc --as-needed -lgcc_s --no-as-needed -lc -lgcc --as-needed -lgcc_s --no-as-needed /usr/local/gcc-7.2.0/lib/gcc/arm-linux-gnueabihf/7.2.0/crtend.o /usr/lib/arm-linux-gnueabihf/crtn.o
COLLECT_GCC_OPTIONS='-v' '-o' 'cmTC_52404' '-march=armv6' '-mfloat-abi=hard' '-mfpu=vfp' '-mtls-dialect=gnu'
make[1]: Leaving directory '/home/pi/Desktop/test/rpicomponents/CMakeFiles/CMakeTmp'


Parsed C implicit link information from above output:
  link line regex: [^( *|.*[/\])(ld|([^/\]+-)?ld|collect2)[^/\]*( |$)]
  ignore line: [Change Dir: /home/pi/Desktop/test/rpicomponents/CMakeFiles/CMakeTmp]
  ignore line: []
  ignore line: [Run Build Command:"/usr/bin/make" "cmTC_52404/fast"]
  ignore line: [/usr/bin/make -f CMakeFiles/cmTC_52404.dir/build.make CMakeFiles/cmTC_52404.dir/build]
  ignore line: [make[1]: Entering directory '/home/pi/Desktop/test/rpicomponents/CMakeFiles/CMakeTmp']
  ignore line: [Building C object CMakeFiles/cmTC_52404.dir/CMakeCCompilerABI.c.o]
  ignore line: [/usr/local/gcc-7.2.0/bin/gcc-7.2.0     -o CMakeFiles/cmTC_52404.dir/CMakeCCompilerABI.c.o   -c /usr/local/share/cmake-3.4/Modules/CMakeCCompilerABI.c]
  ignore line: [Linking C executable cmTC_52404]
  ignore line: [/usr/local/bin/cmake -E cmake_link_script CMakeFiles/cmTC_52404.dir/link.txt --verbose=1]
  ignore line: [/usr/local/gcc-7.2.0/bin/gcc-7.2.0      -v CMakeFiles/cmTC_52404.dir/CMakeCCompilerABI.c.o  -o cmTC_52404  ]
  ignore line: [Using built-in specs.]
  ignore line: [COLLECT_GCC=/usr/local/gcc-7.2.0/bin/gcc-7.2.0]
  ignore line: [COLLECT_LTO_WRAPPER=/usr/local/gcc-7.2.0/libexec/gcc/arm-linux-gnueabihf/7.2.0/lto-wrapper]
  ignore line: [Target: arm-linux-gnueabihf]
  ignore line: [Configured with: ../gcc-7.2.0/configure -v --enable-languages=c,c++,fortran --prefix=/usr/local/gcc-7.2.0 --program-suffix=-7.2.0 --with-arch=armv6 --with-fpu=vfp --with-float=hard --build=arm-linux-gnueabihf --host=arm-linux-gnueabihf --target=arm-linux-gnueabihf]
  ignore line: [Thread model: posix]
  ignore line: [gcc version 7.2.0 (GCC) ]
  ignore line: [COMPILER_PATH=/usr/local/gcc-7.2.0/libexec/gcc/arm-linux-gnueabihf/7.2.0/:/usr/local/gcc-7.2.0/libexec/gcc/arm-linux-gnueabihf/7.2.0/:/usr/local/gcc-7.2.0/libexec/gcc/arm-linux-gnueabihf/:/usr/local/gcc-7.2.0/lib/gcc/arm-linux-gnueabihf/7.2.0/:/usr/local/gcc-7.2.0/lib/gcc/arm-linux-gnueabihf/]
  ignore line: [LIBRARY_PATH=/usr/local/gcc-7.2.0/lib/gcc/arm-linux-gnueabihf/7.2.0/:/usr/local/gcc-7.2.0/lib/gcc/arm-linux-gnueabihf/7.2.0/../../../:/lib/arm-linux-gnueabihf/:/lib/:/usr/lib/arm-linux-gnueabihf/:/usr/lib/]
  ignore line: [COLLECT_GCC_OPTIONS='-v' '-o' 'cmTC_52404' '-march=armv6' '-mfloat-abi=hard' '-mfpu=vfp' '-mtls-dialect=gnu']
  link line: [ /usr/local/gcc-7.2.0/libexec/gcc/arm-linux-gnueabihf/7.2.0/collect2 -plugin /usr/local/gcc-7.2.0/libexec/gcc/arm-linux-gnueabihf/7.2.0/liblto_plugin.so -plugin-opt=/usr/local/gcc-7.2.0/libexec/gcc/arm-linux-gnueabihf/7.2.0/lto-wrapper -plugin-opt=-fresolution=/tmp/ccaOevQW.res -plugin-opt=-pass-through=-lgcc -plugin-opt=-pass-through=-lgcc_s -plugin-opt=-pass-through=-lc -plugin-opt=-pass-through=-lgcc -plugin-opt=-pass-through=-lgcc_s --eh-frame-hdr -dynamic-linker /lib/ld-linux-armhf.so.3 -X -m armelf_linux_eabi -o cmTC_52404 /usr/lib/arm-linux-gnueabihf/crt1.o /usr/lib/arm-linux-gnueabihf/crti.o /usr/local/gcc-7.2.0/lib/gcc/arm-linux-gnueabihf/7.2.0/crtbegin.o -L/usr/local/gcc-7.2.0/lib/gcc/arm-linux-gnueabihf/7.2.0 -L/usr/local/gcc-7.2.0/lib/gcc/arm-linux-gnueabihf/7.2.0/../../.. -L/lib/arm-linux-gnueabihf -L/usr/lib/arm-linux-gnueabihf CMakeFiles/cmTC_52404.dir/CMakeCCompilerABI.c.o -lgcc --as-needed -lgcc_s --no-as-needed -lc -lgcc --as-needed -lgcc_s --no-as-needed /usr/local/gcc-7.2.0/lib/gcc/arm-linux-gnueabihf/7.2.0/crtend.o /usr/lib/arm-linux-gnueabihf/crtn.o]
    arg [/usr/local/gcc-7.2.0/libexec/gcc/arm-linux-gnueabihf/7.2.0/collect2] ==> ignore
    arg [-plugin] ==> ignore
    arg [/usr/local/gcc-7.2.0/libexec/gcc/arm-linux-gnueabihf/7.2.0/liblto_plugin.so] ==> ignore
    arg [-plugin-opt=/usr/local/gcc-7.2.0/libexec/gcc/arm-linux-gnueabihf/7.2.0/lto-wrapper] ==> ignore
    arg [-plugin-opt=-fresolution=/tmp/ccaOevQW.res] ==> ignore
    arg [-plugin-opt=-pass-through=-lgcc] ==> ignore
    arg [-plugin-opt=-pass-through=-lgcc_s] ==> ignore
    arg [-plugin-opt=-pass-through=-lc] ==> ignore
    arg [-plugin-opt=-pass-through=-lgcc] ==> ignore
    arg [-plugin-opt=-pass-through=-lgcc_s] ==> ignore
    arg [--eh-frame-hdr] ==> ignore
    arg [-dynamic-linker] ==> ignore
    arg [/lib/ld-linux-armhf.so.3] ==> ignore
    arg [-X] ==> ignore
    arg [-m] ==> ignore
    arg [armelf_linux_eabi] ==> ignore
    arg [-o] ==> ignore
    arg [cmTC_52404] ==> ignore
    arg [/usr/lib/arm-linux-gnueabihf/crt1.o] ==> ignore
    arg [/usr/lib/arm-linux-gnueabihf/crti.o] ==> ignore
    arg [/usr/local/gcc-7.2.0/lib/gcc/arm-linux-gnueabihf/7.2.0/crtbegin.o] ==> ignore
    arg [-L/usr/local/gcc-7.2.0/lib/gcc/arm-linux-gnueabihf/7.2.0] ==> dir [/usr/local/gcc-7.2.0/lib/gcc/arm-linux-gnueabihf/7.2.0]
    arg [-L/usr/local/gcc-7.2.0/lib/gcc/arm-linux-gnueabihf/7.2.0/../../..] ==> dir [/usr/local/gcc-7.2.0/lib/gcc/arm-linux-gnueabihf/7.2.0/../../..]
    arg [-L/lib/arm-linux-gnueabihf] ==> dir [/lib/arm-linux-gnueabihf]
    arg [-L/usr/lib/arm-linux-gnueabihf] ==> dir [/usr/lib/arm-linux-gnueabihf]
    arg [CMakeFiles/cmTC_52404.dir/CMakeCCompilerABI.c.o] ==> ignore
    arg [-lgcc] ==> lib [gcc]
    arg [--as-needed] ==> ignore
    arg [-lgcc_s] ==> lib [gcc_s]
    arg [--no-as-needed] ==> ignore
    arg [-lc] ==> lib [c]
    arg [-lgcc] ==> lib [gcc]
    arg [--as-needed] ==> ignore
    arg [-lgcc_s] ==> lib [gcc_s]
    arg [--no-as-needed] ==> ignore
    arg [/usr/local/gcc-7.2.0/lib/gcc/arm-linux-gnueabihf/7.2.0/crtend.o] ==> ignore
    arg [/usr/lib/arm-linux-gnueabihf/crtn.o] ==> ignore
  remove lib [gcc]
  remove lib [gcc_s]
  remove lib [gcc]
  remove lib [gcc_s]
  collapse library dir [/usr/local/gcc-7.2.0/lib/gcc/arm-linux-gnueabihf/7.2.0] ==> [/usr/local/gcc-7.2.0/lib/gcc/arm-linux-gnueabihf/7.2.0]
  collapse library dir [/usr/local/gcc-7.2.0/lib/gcc/arm-linux-gnueabihf/7.2.0/../../..] ==> [/usr/local/gcc-7.2.0/lib]
  collapse library dir [/lib/arm-linux-gnueabihf] ==> [/lib/arm-linux-gnueabihf]
  collapse library dir [/usr/lib/arm-linux-gnueabihf] ==> [/usr/lib/arm-linux-gnueabihf]
  implicit libs: [c]
  implicit dirs: [/usr/local/gcc-7.2.0/lib/gcc/arm-linux-gnueabihf/7.2.0;/usr/local/gcc-7.2.0/lib;/lib/arm-linux-gnueabihf;/usr/lib/arm-linux-gnueabihf]
  implicit fwks: []




Detecting C [-std=c11] compiler features compiled with the following output:
Change Dir: /home/pi/Desktop/test/rpicomponents/CMakeFiles/CMakeTmp

Run Build Command:"/usr/bin/make" "cmTC_013bc/fast"
/usr/bin/make -f CMakeFiles/cmTC_013bc.dir/build.make CMakeFiles/cmTC_013bc.dir/build
make[1]: Entering directory '/home/pi/Desktop/test/rpicomponents/CMakeFiles/CMakeTmp'
Building C object CMakeFiles/cmTC_013bc.dir/feature_tests.c.o
/usr/local/gcc-7.2.0/bin/gcc-7.2.0    -std=c11 -o CMakeFiles/cmTC_013bc.dir/feature_tests.c.o   -c /home/pi/Desktop/test/rpicomponents/CMakeFiles/feature_tests.c
Linking C executable cmTC_013bc
/usr/local/bin/cmake -E cmake_link_script CMakeFiles/cmTC_013bc.dir/link.txt --verbose=1
/usr/local/gcc-7.2.0/bin/gcc-7.2.0       CMakeFiles/cmTC_013bc.dir/feature_tests.c.o  -o cmTC_013bc 
make[1]: Leaving directory '/home/pi/Desktop/test/rpicomponents/CMakeFiles/CMakeTmp'


    Feature record: C_FEATURE:1c_function_prototypes
    Feature record: C_FEATURE:1c_restrict
    Feature record: C_FEATURE:1c_static_assert
    Feature record: C_FEATURE:1c_variadic_macros


Detecting C [-std=c99] compiler features compiled with the following output:
Change Dir: /home/pi/Desktop/test/rpicomponents/CMakeFiles/CMakeTmp

Run Build Command:"/usr/bin/make" "cmTC_9098a/fast"
/usr/bin/make -f CMakeFiles/cmTC_9098a.dir/build.make CMakeFiles/cmTC_9098a.dir/build
make[1]: Entering directory '/home/pi/Desktop/test/rpicomponents/CMakeFiles/CMakeTmp'
Building C object CMakeFiles/cmTC_9098a.dir/feature_tests.c.o
/usr/local/gcc-7.2.0/bin/gcc-7.2.0    -std=c99 -o CMakeFiles/cmTC_9098a.dir/feature_tests.c.o   -c /home/pi/Desktop/test/rpicomponents/CMakeFiles/feature_tests.c
Linking C executable cmTC_9098a
/usr/local/bin/cmake -E cmake_link_script CMakeFiles/cmTC_9098a.dir/link.txt --verbose=1
/usr/local/gcc-7.2.0/bin/gcc-7.2.0       CMakeFiles/cmTC_9098a.dir/feature_tests.c.o  -o cmTC_9098a 
make[1]: Leaving directory '/home/pi/Desktop/test/rpicomponents/CMakeFiles/CMakeTmp'


    Feature record: C_FEATURE:1c_function_prototypes
    Feature record: C_FEATURE:1c_restrict
    Feature record: C_FEATURE:0c_static_assert
    Feature record: C_FEATURE:1c_variadic_macros


Detecting C [-std=c90] compiler features compiled with the following output:
Change Dir: /home/pi/Desktop/test/rpicomponents/CMakeFiles/CMakeTmp

Run Build Command:"/usr/bin/make" "cmTC_9ed12/fast"
/usr/bin/make -f CMakeFiles/cmTC_9ed12.dir/build.make CMakeFiles/cmTC_9ed12.dir/build
make[1]: Entering directory '/home/pi/Desktop/test/rpicomponents/CMakeFiles/CMakeTmp'
Building C object CMakeFiles/cmTC_9ed12.dir/feature_tests.c.o
/usr/local/gcc-7.2.0/bin/gcc-7.2.0    -std=c90 -o CMakeFiles/cmTC_9ed12.dir/feature_tests.c.o   -c /home/pi/Desktop/test/rpicomponents/CMakeFiles/feature_tests.c
Linking C executable cmTC_9ed12
/usr/local/bin/cmake -E cmake_link_script CMakeFiles/cmTC_9ed12.dir/link.txt --verbose=1
/usr/local/gcc-7.2.0/bin/gcc-7.2.0       CMakeFiles/cmTC_9ed12.dir/feature_tests.c.o  -o cmTC_9ed12 
make[1]: Leaving directory '/home/pi/Desktop/test/rpicomponents/CMakeFiles/CMakeTmp'


    Feature record: C_FEATURE:1c_function_prototypes
    Feature record: C_FEATURE:0c_restrict
    Feature record: C_FEATURE:0c_static_assert
    Feature record: C_FEATURE:0c_variadic_macros
