The system is: Linux - 4.14.98-v7+ - armv7l
Compiling the C compiler identification source file "CMakeCCompilerId.c" succeeded.
Compiler: /usr/local/gcc-7.2.0/bin/gcc-7.2.0 
Build flags: 
Id flags: 

The output was:
0


Compilation of the C compiler identification source "CMakeCCompilerId.c" produced "a.out"

The C compiler identification is GNU, found in "/home/pi/RPiComponents/output/build/CMakeFiles/3.4.1/CompilerIdC/a.out"

Compiling the CXX compiler identification source file "CMakeCXXCompilerId.cpp" succeeded.
Compiler: /usr/local/gcc-7.2.0/bin/g++-7.2.0 
Build flags: 
Id flags: 

The output was:
0


Compilation of the CXX compiler identification source "CMakeCXXCompilerId.cpp" produced "a.out"

The CXX compiler identification is GNU, found in "/home/pi/RPiComponents/output/build/CMakeFiles/3.4.1/CompilerIdCXX/a.out"

Determining if the C compiler works passed with the following output:
Change Dir: /home/pi/RPiComponents/output/build/CMakeFiles/CMakeTmp

Run Build Command:"/usr/bin/make" "cmTC_c1fcf/fast"
/usr/bin/make -f CMakeFiles/cmTC_c1fcf.dir/build.make CMakeFiles/cmTC_c1fcf.dir/build
make[1]: Entering directory '/home/pi/RPiComponents/output/build/CMakeFiles/CMakeTmp'
Building C object CMakeFiles/cmTC_c1fcf.dir/testCCompiler.c.o
/usr/local/gcc-7.2.0/bin/gcc-7.2.0     -o CMakeFiles/cmTC_c1fcf.dir/testCCompiler.c.o   -c /home/pi/RPiComponents/output/build/CMakeFiles/CMakeTmp/testCCompiler.c
Linking C executable cmTC_c1fcf
/usr/local/bin/cmake -E cmake_link_script CMakeFiles/cmTC_c1fcf.dir/link.txt --verbose=1
/usr/local/gcc-7.2.0/bin/gcc-7.2.0       CMakeFiles/cmTC_c1fcf.dir/testCCompiler.c.o  -o cmTC_c1fcf 
make[1]: Leaving directory '/home/pi/RPiComponents/output/build/CMakeFiles/CMakeTmp'


Detecting C compiler ABI info compiled with the following output:
Change Dir: /home/pi/RPiComponents/output/build/CMakeFiles/CMakeTmp

Run Build Command:"/usr/bin/make" "cmTC_14cdf/fast"
/usr/bin/make -f CMakeFiles/cmTC_14cdf.dir/build.make CMakeFiles/cmTC_14cdf.dir/build
make[1]: Entering directory '/home/pi/RPiComponents/output/build/CMakeFiles/CMakeTmp'
Building C object CMakeFiles/cmTC_14cdf.dir/CMakeCCompilerABI.c.o
/usr/local/gcc-7.2.0/bin/gcc-7.2.0     -o CMakeFiles/cmTC_14cdf.dir/CMakeCCompilerABI.c.o   -c /usr/local/share/cmake-3.4/Modules/CMakeCCompilerABI.c
Linking C executable cmTC_14cdf
/usr/local/bin/cmake -E cmake_link_script CMakeFiles/cmTC_14cdf.dir/link.txt --verbose=1
/usr/local/gcc-7.2.0/bin/gcc-7.2.0      -v CMakeFiles/cmTC_14cdf.dir/CMakeCCompilerABI.c.o  -o cmTC_14cdf  
Using built-in specs.
COLLECT_GCC=/usr/local/gcc-7.2.0/bin/gcc-7.2.0
COLLECT_LTO_WRAPPER=/usr/local/gcc-7.2.0/libexec/gcc/arm-linux-gnueabihf/7.2.0/lto-wrapper
Target: arm-linux-gnueabihf
Configured with: ../gcc-7.2.0/configure -v --enable-languages=c,c++,fortran --prefix=/usr/local/gcc-7.2.0 --program-suffix=-7.2.0 --with-arch=armv6 --with-fpu=vfp --with-float=hard --build=arm-linux-gnueabihf --host=arm-linux-gnueabihf --target=arm-linux-gnueabihf
Thread model: posix
gcc version 7.2.0 (GCC) 
COMPILER_PATH=/usr/local/gcc-7.2.0/libexec/gcc/arm-linux-gnueabihf/7.2.0/:/usr/local/gcc-7.2.0/libexec/gcc/arm-linux-gnueabihf/7.2.0/:/usr/local/gcc-7.2.0/libexec/gcc/arm-linux-gnueabihf/:/usr/local/gcc-7.2.0/lib/gcc/arm-linux-gnueabihf/7.2.0/:/usr/local/gcc-7.2.0/lib/gcc/arm-linux-gnueabihf/
LIBRARY_PATH=/usr/local/gcc-7.2.0/lib/gcc/arm-linux-gnueabihf/7.2.0/:/usr/local/gcc-7.2.0/lib/gcc/arm-linux-gnueabihf/7.2.0/../../../:/lib/arm-linux-gnueabihf/:/lib/:/usr/lib/arm-linux-gnueabihf/:/usr/lib/
COLLECT_GCC_OPTIONS='-v' '-o' 'cmTC_14cdf' '-march=armv6' '-mfloat-abi=hard' '-mfpu=vfp' '-mtls-dialect=gnu'
 /usr/local/gcc-7.2.0/libexec/gcc/arm-linux-gnueabihf/7.2.0/collect2 -plugin /usr/local/gcc-7.2.0/libexec/gcc/arm-linux-gnueabihf/7.2.0/liblto_plugin.so -plugin-opt=/usr/local/gcc-7.2.0/libexec/gcc/arm-linux-gnueabihf/7.2.0/lto-wrapper -plugin-opt=-fresolution=/tmp/ccWZ3okX.res -plugin-opt=-pass-through=-lgcc -plugin-opt=-pass-through=-lgcc_s -plugin-opt=-pass-through=-lc -plugin-opt=-pass-through=-lgcc -plugin-opt=-pass-through=-lgcc_s --eh-frame-hdr -dynamic-linker /lib/ld-linux-armhf.so.3 -X -m armelf_linux_eabi -o cmTC_14cdf /usr/lib/arm-linux-gnueabihf/crt1.o /usr/lib/arm-linux-gnueabihf/crti.o /usr/local/gcc-7.2.0/lib/gcc/arm-linux-gnueabihf/7.2.0/crtbegin.o -L/usr/local/gcc-7.2.0/lib/gcc/arm-linux-gnueabihf/7.2.0 -L/usr/local/gcc-7.2.0/lib/gcc/arm-linux-gnueabihf/7.2.0/../../.. -L/lib/arm-linux-gnueabihf -L/usr/lib/arm-linux-gnueabihf CMakeFiles/cmTC_14cdf.dir/CMakeCCompilerABI.c.o -lgcc --as-needed -lgcc_s --no-as-needed -lc -lgcc --as-needed -lgcc_s --no-as-needed /usr/local/gcc-7.2.0/lib/gcc/arm-linux-gnueabihf/7.2.0/crtend.o /usr/lib/arm-linux-gnueabihf/crtn.o
COLLECT_GCC_OPTIONS='-v' '-o' 'cmTC_14cdf' '-march=armv6' '-mfloat-abi=hard' '-mfpu=vfp' '-mtls-dialect=gnu'
make[1]: Leaving directory '/home/pi/RPiComponents/output/build/CMakeFiles/CMakeTmp'


Parsed C implicit link information from above output:
  link line regex: [^( *|.*[/\])(ld|([^/\]+-)?ld|collect2)[^/\]*( |$)]
  ignore line: [Change Dir: /home/pi/RPiComponents/output/build/CMakeFiles/CMakeTmp]
  ignore line: []
  ignore line: [Run Build Command:"/usr/bin/make" "cmTC_14cdf/fast"]
  ignore line: [/usr/bin/make -f CMakeFiles/cmTC_14cdf.dir/build.make CMakeFiles/cmTC_14cdf.dir/build]
  ignore line: [make[1]: Entering directory '/home/pi/RPiComponents/output/build/CMakeFiles/CMakeTmp']
  ignore line: [Building C object CMakeFiles/cmTC_14cdf.dir/CMakeCCompilerABI.c.o]
  ignore line: [/usr/local/gcc-7.2.0/bin/gcc-7.2.0     -o CMakeFiles/cmTC_14cdf.dir/CMakeCCompilerABI.c.o   -c /usr/local/share/cmake-3.4/Modules/CMakeCCompilerABI.c]
  ignore line: [Linking C executable cmTC_14cdf]
  ignore line: [/usr/local/bin/cmake -E cmake_link_script CMakeFiles/cmTC_14cdf.dir/link.txt --verbose=1]
  ignore line: [/usr/local/gcc-7.2.0/bin/gcc-7.2.0      -v CMakeFiles/cmTC_14cdf.dir/CMakeCCompilerABI.c.o  -o cmTC_14cdf  ]
  ignore line: [Using built-in specs.]
  ignore line: [COLLECT_GCC=/usr/local/gcc-7.2.0/bin/gcc-7.2.0]
  ignore line: [COLLECT_LTO_WRAPPER=/usr/local/gcc-7.2.0/libexec/gcc/arm-linux-gnueabihf/7.2.0/lto-wrapper]
  ignore line: [Target: arm-linux-gnueabihf]
  ignore line: [Configured with: ../gcc-7.2.0/configure -v --enable-languages=c,c++,fortran --prefix=/usr/local/gcc-7.2.0 --program-suffix=-7.2.0 --with-arch=armv6 --with-fpu=vfp --with-float=hard --build=arm-linux-gnueabihf --host=arm-linux-gnueabihf --target=arm-linux-gnueabihf]
  ignore line: [Thread model: posix]
  ignore line: [gcc version 7.2.0 (GCC) ]
  ignore line: [COMPILER_PATH=/usr/local/gcc-7.2.0/libexec/gcc/arm-linux-gnueabihf/7.2.0/:/usr/local/gcc-7.2.0/libexec/gcc/arm-linux-gnueabihf/7.2.0/:/usr/local/gcc-7.2.0/libexec/gcc/arm-linux-gnueabihf/:/usr/local/gcc-7.2.0/lib/gcc/arm-linux-gnueabihf/7.2.0/:/usr/local/gcc-7.2.0/lib/gcc/arm-linux-gnueabihf/]
  ignore line: [LIBRARY_PATH=/usr/local/gcc-7.2.0/lib/gcc/arm-linux-gnueabihf/7.2.0/:/usr/local/gcc-7.2.0/lib/gcc/arm-linux-gnueabihf/7.2.0/../../../:/lib/arm-linux-gnueabihf/:/lib/:/usr/lib/arm-linux-gnueabihf/:/usr/lib/]
  ignore line: [COLLECT_GCC_OPTIONS='-v' '-o' 'cmTC_14cdf' '-march=armv6' '-mfloat-abi=hard' '-mfpu=vfp' '-mtls-dialect=gnu']
  link line: [ /usr/local/gcc-7.2.0/libexec/gcc/arm-linux-gnueabihf/7.2.0/collect2 -plugin /usr/local/gcc-7.2.0/libexec/gcc/arm-linux-gnueabihf/7.2.0/liblto_plugin.so -plugin-opt=/usr/local/gcc-7.2.0/libexec/gcc/arm-linux-gnueabihf/7.2.0/lto-wrapper -plugin-opt=-fresolution=/tmp/ccWZ3okX.res -plugin-opt=-pass-through=-lgcc -plugin-opt=-pass-through=-lgcc_s -plugin-opt=-pass-through=-lc -plugin-opt=-pass-through=-lgcc -plugin-opt=-pass-through=-lgcc_s --eh-frame-hdr -dynamic-linker /lib/ld-linux-armhf.so.3 -X -m armelf_linux_eabi -o cmTC_14cdf /usr/lib/arm-linux-gnueabihf/crt1.o /usr/lib/arm-linux-gnueabihf/crti.o /usr/local/gcc-7.2.0/lib/gcc/arm-linux-gnueabihf/7.2.0/crtbegin.o -L/usr/local/gcc-7.2.0/lib/gcc/arm-linux-gnueabihf/7.2.0 -L/usr/local/gcc-7.2.0/lib/gcc/arm-linux-gnueabihf/7.2.0/../../.. -L/lib/arm-linux-gnueabihf -L/usr/lib/arm-linux-gnueabihf CMakeFiles/cmTC_14cdf.dir/CMakeCCompilerABI.c.o -lgcc --as-needed -lgcc_s --no-as-needed -lc -lgcc --as-needed -lgcc_s --no-as-needed /usr/local/gcc-7.2.0/lib/gcc/arm-linux-gnueabihf/7.2.0/crtend.o /usr/lib/arm-linux-gnueabihf/crtn.o]
    arg [/usr/local/gcc-7.2.0/libexec/gcc/arm-linux-gnueabihf/7.2.0/collect2] ==> ignore
    arg [-plugin] ==> ignore
    arg [/usr/local/gcc-7.2.0/libexec/gcc/arm-linux-gnueabihf/7.2.0/liblto_plugin.so] ==> ignore
    arg [-plugin-opt=/usr/local/gcc-7.2.0/libexec/gcc/arm-linux-gnueabihf/7.2.0/lto-wrapper] ==> ignore
    arg [-plugin-opt=-fresolution=/tmp/ccWZ3okX.res] ==> ignore
    arg [-plugin-opt=-pass-through=-lgcc] ==> ignore
    arg [-plugin-opt=-pass-through=-lgcc_s] ==> ignore
    arg [-plugin-opt=-pass-through=-lc] ==> ignore
    arg [-plugin-opt=-pass-through=-lgcc] ==> ignore
    arg [-plugin-opt=-pass-through=-lgcc_s] ==> ignore
    arg [--eh-frame-hdr] ==> ignore
    arg [-dynamic-linker] ==> ignore
    arg [/lib/ld-linux-armhf.so.3] ==> ignore
    arg [-X] ==> ignore
    arg [-m] ==> ignore
    arg [armelf_linux_eabi] ==> ignore
    arg [-o] ==> ignore
    arg [cmTC_14cdf] ==> ignore
    arg [/usr/lib/arm-linux-gnueabihf/crt1.o] ==> ignore
    arg [/usr/lib/arm-linux-gnueabihf/crti.o] ==> ignore
    arg [/usr/local/gcc-7.2.0/lib/gcc/arm-linux-gnueabihf/7.2.0/crtbegin.o] ==> ignore
    arg [-L/usr/local/gcc-7.2.0/lib/gcc/arm-linux-gnueabihf/7.2.0] ==> dir [/usr/local/gcc-7.2.0/lib/gcc/arm-linux-gnueabihf/7.2.0]
    arg [-L/usr/local/gcc-7.2.0/lib/gcc/arm-linux-gnueabihf/7.2.0/../../..] ==> dir [/usr/local/gcc-7.2.0/lib/gcc/arm-linux-gnueabihf/7.2.0/../../..]
    arg [-L/lib/arm-linux-gnueabihf] ==> dir [/lib/arm-linux-gnueabihf]
    arg [-L/usr/lib/arm-linux-gnueabihf] ==> dir [/usr/lib/arm-linux-gnueabihf]
    arg [CMakeFiles/cmTC_14cdf.dir/CMakeCCompilerABI.c.o] ==> ignore
    arg [-lgcc] ==> lib [gcc]
    arg [--as-needed] ==> ignore
    arg [-lgcc_s] ==> lib [gcc_s]
    arg [--no-as-needed] ==> ignore
    arg [-lc] ==> lib [c]
    arg [-lgcc] ==> lib [gcc]
    arg [--as-needed] ==> ignore
    arg [-lgcc_s] ==> lib [gcc_s]
    arg [--no-as-needed] ==> ignore
    arg [/usr/local/gcc-7.2.0/lib/gcc/arm-linux-gnueabihf/7.2.0/crtend.o] ==> ignore
    arg [/usr/lib/arm-linux-gnueabihf/crtn.o] ==> ignore
  remove lib [gcc]
  remove lib [gcc_s]
  remove lib [gcc]
  remove lib [gcc_s]
  collapse library dir [/usr/local/gcc-7.2.0/lib/gcc/arm-linux-gnueabihf/7.2.0] ==> [/usr/local/gcc-7.2.0/lib/gcc/arm-linux-gnueabihf/7.2.0]
  collapse library dir [/usr/local/gcc-7.2.0/lib/gcc/arm-linux-gnueabihf/7.2.0/../../..] ==> [/usr/local/gcc-7.2.0/lib]
  collapse library dir [/lib/arm-linux-gnueabihf] ==> [/lib/arm-linux-gnueabihf]
  collapse library dir [/usr/lib/arm-linux-gnueabihf] ==> [/usr/lib/arm-linux-gnueabihf]
  implicit libs: [c]
  implicit dirs: [/usr/local/gcc-7.2.0/lib/gcc/arm-linux-gnueabihf/7.2.0;/usr/local/gcc-7.2.0/lib;/lib/arm-linux-gnueabihf;/usr/lib/arm-linux-gnueabihf]
  implicit fwks: []




Detecting C [-std=c11] compiler features compiled with the following output:
Change Dir: /home/pi/RPiComponents/output/build/CMakeFiles/CMakeTmp

Run Build Command:"/usr/bin/make" "cmTC_bf7a8/fast"
/usr/bin/make -f CMakeFiles/cmTC_bf7a8.dir/build.make CMakeFiles/cmTC_bf7a8.dir/build
make[1]: Entering directory '/home/pi/RPiComponents/output/build/CMakeFiles/CMakeTmp'
Building C object CMakeFiles/cmTC_bf7a8.dir/feature_tests.c.o
/usr/local/gcc-7.2.0/bin/gcc-7.2.0    -std=c11 -o CMakeFiles/cmTC_bf7a8.dir/feature_tests.c.o   -c /home/pi/RPiComponents/output/build/CMakeFiles/feature_tests.c
Linking C executable cmTC_bf7a8
/usr/local/bin/cmake -E cmake_link_script CMakeFiles/cmTC_bf7a8.dir/link.txt --verbose=1
/usr/local/gcc-7.2.0/bin/gcc-7.2.0       CMakeFiles/cmTC_bf7a8.dir/feature_tests.c.o  -o cmTC_bf7a8 
make[1]: Leaving directory '/home/pi/RPiComponents/output/build/CMakeFiles/CMakeTmp'


    Feature record: C_FEATURE:1c_function_prototypes
    Feature record: C_FEATURE:1c_restrict
    Feature record: C_FEATURE:1c_static_assert
    Feature record: C_FEATURE:1c_variadic_macros


Detecting C [-std=c99] compiler features compiled with the following output:
Change Dir: /home/pi/RPiComponents/output/build/CMakeFiles/CMakeTmp

Run Build Command:"/usr/bin/make" "cmTC_73143/fast"
/usr/bin/make -f CMakeFiles/cmTC_73143.dir/build.make CMakeFiles/cmTC_73143.dir/build
make[1]: Entering directory '/home/pi/RPiComponents/output/build/CMakeFiles/CMakeTmp'
Building C object CMakeFiles/cmTC_73143.dir/feature_tests.c.o
/usr/local/gcc-7.2.0/bin/gcc-7.2.0    -std=c99 -o CMakeFiles/cmTC_73143.dir/feature_tests.c.o   -c /home/pi/RPiComponents/output/build/CMakeFiles/feature_tests.c
Linking C executable cmTC_73143
/usr/local/bin/cmake -E cmake_link_script CMakeFiles/cmTC_73143.dir/link.txt --verbose=1
/usr/local/gcc-7.2.0/bin/gcc-7.2.0       CMakeFiles/cmTC_73143.dir/feature_tests.c.o  -o cmTC_73143 
make[1]: Leaving directory '/home/pi/RPiComponents/output/build/CMakeFiles/CMakeTmp'


    Feature record: C_FEATURE:1c_function_prototypes
    Feature record: C_FEATURE:1c_restrict
    Feature record: C_FEATURE:0c_static_assert
    Feature record: C_FEATURE:1c_variadic_macros


Detecting C [-std=c90] compiler features compiled with the following output:
Change Dir: /home/pi/RPiComponents/output/build/CMakeFiles/CMakeTmp

Run Build Command:"/usr/bin/make" "cmTC_628dc/fast"
/usr/bin/make -f CMakeFiles/cmTC_628dc.dir/build.make CMakeFiles/cmTC_628dc.dir/build
make[1]: Entering directory '/home/pi/RPiComponents/output/build/CMakeFiles/CMakeTmp'
Building C object CMakeFiles/cmTC_628dc.dir/feature_tests.c.o
/usr/local/gcc-7.2.0/bin/gcc-7.2.0    -std=c90 -o CMakeFiles/cmTC_628dc.dir/feature_tests.c.o   -c /home/pi/RPiComponents/output/build/CMakeFiles/feature_tests.c
Linking C executable cmTC_628dc
/usr/local/bin/cmake -E cmake_link_script CMakeFiles/cmTC_628dc.dir/link.txt --verbose=1
/usr/local/gcc-7.2.0/bin/gcc-7.2.0       CMakeFiles/cmTC_628dc.dir/feature_tests.c.o  -o cmTC_628dc 
make[1]: Leaving directory '/home/pi/RPiComponents/output/build/CMakeFiles/CMakeTmp'


    Feature record: C_FEATURE:1c_function_prototypes
    Feature record: C_FEATURE:0c_restrict
    Feature record: C_FEATURE:0c_static_assert
    Feature record: C_FEATURE:0c_variadic_macros
Determining if the CXX compiler works passed with the following output:
Change Dir: /home/pi/RPiComponents/output/build/CMakeFiles/CMakeTmp

Run Build Command:"/usr/bin/make" "cmTC_ae10c/fast"
/usr/bin/make -f CMakeFiles/cmTC_ae10c.dir/build.make CMakeFiles/cmTC_ae10c.dir/build
make[1]: Entering directory '/home/pi/RPiComponents/output/build/CMakeFiles/CMakeTmp'
Building CXX object CMakeFiles/cmTC_ae10c.dir/testCXXCompiler.cxx.o
/usr/local/gcc-7.2.0/bin/g++-7.2.0      -o CMakeFiles/cmTC_ae10c.dir/testCXXCompiler.cxx.o -c /home/pi/RPiComponents/output/build/CMakeFiles/CMakeTmp/testCXXCompiler.cxx
Linking CXX executable cmTC_ae10c
/usr/local/bin/cmake -E cmake_link_script CMakeFiles/cmTC_ae10c.dir/link.txt --verbose=1
/usr/local/gcc-7.2.0/bin/g++-7.2.0        CMakeFiles/cmTC_ae10c.dir/testCXXCompiler.cxx.o  -o cmTC_ae10c 
make[1]: Leaving directory '/home/pi/RPiComponents/output/build/CMakeFiles/CMakeTmp'


Detecting CXX compiler ABI info compiled with the following output:
Change Dir: /home/pi/RPiComponents/output/build/CMakeFiles/CMakeTmp

Run Build Command:"/usr/bin/make" "cmTC_0cf34/fast"
/usr/bin/make -f CMakeFiles/cmTC_0cf34.dir/build.make CMakeFiles/cmTC_0cf34.dir/build
make[1]: Entering directory '/home/pi/RPiComponents/output/build/CMakeFiles/CMakeTmp'
Building CXX object CMakeFiles/cmTC_0cf34.dir/CMakeCXXCompilerABI.cpp.o
/usr/local/gcc-7.2.0/bin/g++-7.2.0      -o CMakeFiles/cmTC_0cf34.dir/CMakeCXXCompilerABI.cpp.o -c /usr/local/share/cmake-3.4/Modules/CMakeCXXCompilerABI.cpp
Linking CXX executable cmTC_0cf34
/usr/local/bin/cmake -E cmake_link_script CMakeFiles/cmTC_0cf34.dir/link.txt --verbose=1
/usr/local/gcc-7.2.0/bin/g++-7.2.0       -v CMakeFiles/cmTC_0cf34.dir/CMakeCXXCompilerABI.cpp.o  -o cmTC_0cf34  
Using built-in specs.
COLLECT_GCC=/usr/local/gcc-7.2.0/bin/g++-7.2.0
COLLECT_LTO_WRAPPER=/usr/local/gcc-7.2.0/libexec/gcc/arm-linux-gnueabihf/7.2.0/lto-wrapper
Target: arm-linux-gnueabihf
Configured with: ../gcc-7.2.0/configure -v --enable-languages=c,c++,fortran --prefix=/usr/local/gcc-7.2.0 --program-suffix=-7.2.0 --with-arch=armv6 --with-fpu=vfp --with-float=hard --build=arm-linux-gnueabihf --host=arm-linux-gnueabihf --target=arm-linux-gnueabihf
Thread model: posix
gcc version 7.2.0 (GCC) 
COMPILER_PATH=/usr/local/gcc-7.2.0/libexec/gcc/arm-linux-gnueabihf/7.2.0/:/usr/local/gcc-7.2.0/libexec/gcc/arm-linux-gnueabihf/7.2.0/:/usr/local/gcc-7.2.0/libexec/gcc/arm-linux-gnueabihf/:/usr/local/gcc-7.2.0/lib/gcc/arm-linux-gnueabihf/7.2.0/:/usr/local/gcc-7.2.0/lib/gcc/arm-linux-gnueabihf/
LIBRARY_PATH=/usr/local/gcc-7.2.0/lib/gcc/arm-linux-gnueabihf/7.2.0/:/usr/local/gcc-7.2.0/lib/gcc/arm-linux-gnueabihf/7.2.0/../../../:/lib/arm-linux-gnueabihf/:/lib/:/usr/lib/arm-linux-gnueabihf/:/usr/lib/
COLLECT_GCC_OPTIONS='-v' '-o' 'cmTC_0cf34' '-shared-libgcc' '-march=armv6' '-mfloat-abi=hard' '-mfpu=vfp' '-mtls-dialect=gnu'
 /usr/local/gcc-7.2.0/libexec/gcc/arm-linux-gnueabihf/7.2.0/collect2 -plugin /usr/local/gcc-7.2.0/libexec/gcc/arm-linux-gnueabihf/7.2.0/liblto_plugin.so -plugin-opt=/usr/local/gcc-7.2.0/libexec/gcc/arm-linux-gnueabihf/7.2.0/lto-wrapper -plugin-opt=-fresolution=/tmp/ccUjVnQz.res -plugin-opt=-pass-through=-lgcc_s -plugin-opt=-pass-through=-lgcc -plugin-opt=-pass-through=-lc -plugin-opt=-pass-through=-lgcc_s -plugin-opt=-pass-through=-lgcc --eh-frame-hdr -dynamic-linker /lib/ld-linux-armhf.so.3 -X -m armelf_linux_eabi -o cmTC_0cf34 /usr/lib/arm-linux-gnueabihf/crt1.o /usr/lib/arm-linux-gnueabihf/crti.o /usr/local/gcc-7.2.0/lib/gcc/arm-linux-gnueabihf/7.2.0/crtbegin.o -L/usr/local/gcc-7.2.0/lib/gcc/arm-linux-gnueabihf/7.2.0 -L/usr/local/gcc-7.2.0/lib/gcc/arm-linux-gnueabihf/7.2.0/../../.. -L/lib/arm-linux-gnueabihf -L/usr/lib/arm-linux-gnueabihf CMakeFiles/cmTC_0cf34.dir/CMakeCXXCompilerABI.cpp.o -lstdc++ -lm -lgcc_s -lgcc -lc -lgcc_s -lgcc /usr/local/gcc-7.2.0/lib/gcc/arm-linux-gnueabihf/7.2.0/crtend.o /usr/lib/arm-linux-gnueabihf/crtn.o
COLLECT_GCC_OPTIONS='-v' '-o' 'cmTC_0cf34' '-shared-libgcc' '-march=armv6' '-mfloat-abi=hard' '-mfpu=vfp' '-mtls-dialect=gnu'
make[1]: Leaving directory '/home/pi/RPiComponents/output/build/CMakeFiles/CMakeTmp'


Parsed CXX implicit link information from above output:
  link line regex: [^( *|.*[/\])(ld|([^/\]+-)?ld|collect2)[^/\]*( |$)]
  ignore line: [Change Dir: /home/pi/RPiComponents/output/build/CMakeFiles/CMakeTmp]
  ignore line: []
  ignore line: [Run Build Command:"/usr/bin/make" "cmTC_0cf34/fast"]
  ignore line: [/usr/bin/make -f CMakeFiles/cmTC_0cf34.dir/build.make CMakeFiles/cmTC_0cf34.dir/build]
  ignore line: [make[1]: Entering directory '/home/pi/RPiComponents/output/build/CMakeFiles/CMakeTmp']
  ignore line: [Building CXX object CMakeFiles/cmTC_0cf34.dir/CMakeCXXCompilerABI.cpp.o]
  ignore line: [/usr/local/gcc-7.2.0/bin/g++-7.2.0      -o CMakeFiles/cmTC_0cf34.dir/CMakeCXXCompilerABI.cpp.o -c /usr/local/share/cmake-3.4/Modules/CMakeCXXCompilerABI.cpp]
  ignore line: [Linking CXX executable cmTC_0cf34]
  ignore line: [/usr/local/bin/cmake -E cmake_link_script CMakeFiles/cmTC_0cf34.dir/link.txt --verbose=1]
  ignore line: [/usr/local/gcc-7.2.0/bin/g++-7.2.0       -v CMakeFiles/cmTC_0cf34.dir/CMakeCXXCompilerABI.cpp.o  -o cmTC_0cf34  ]
  ignore line: [Using built-in specs.]
  ignore line: [COLLECT_GCC=/usr/local/gcc-7.2.0/bin/g++-7.2.0]
  ignore line: [COLLECT_LTO_WRAPPER=/usr/local/gcc-7.2.0/libexec/gcc/arm-linux-gnueabihf/7.2.0/lto-wrapper]
  ignore line: [Target: arm-linux-gnueabihf]
  ignore line: [Configured with: ../gcc-7.2.0/configure -v --enable-languages=c,c++,fortran --prefix=/usr/local/gcc-7.2.0 --program-suffix=-7.2.0 --with-arch=armv6 --with-fpu=vfp --with-float=hard --build=arm-linux-gnueabihf --host=arm-linux-gnueabihf --target=arm-linux-gnueabihf]
  ignore line: [Thread model: posix]
  ignore line: [gcc version 7.2.0 (GCC) ]
  ignore line: [COMPILER_PATH=/usr/local/gcc-7.2.0/libexec/gcc/arm-linux-gnueabihf/7.2.0/:/usr/local/gcc-7.2.0/libexec/gcc/arm-linux-gnueabihf/7.2.0/:/usr/local/gcc-7.2.0/libexec/gcc/arm-linux-gnueabihf/:/usr/local/gcc-7.2.0/lib/gcc/arm-linux-gnueabihf/7.2.0/:/usr/local/gcc-7.2.0/lib/gcc/arm-linux-gnueabihf/]
  ignore line: [LIBRARY_PATH=/usr/local/gcc-7.2.0/lib/gcc/arm-linux-gnueabihf/7.2.0/:/usr/local/gcc-7.2.0/lib/gcc/arm-linux-gnueabihf/7.2.0/../../../:/lib/arm-linux-gnueabihf/:/lib/:/usr/lib/arm-linux-gnueabihf/:/usr/lib/]
  ignore line: [COLLECT_GCC_OPTIONS='-v' '-o' 'cmTC_0cf34' '-shared-libgcc' '-march=armv6' '-mfloat-abi=hard' '-mfpu=vfp' '-mtls-dialect=gnu']
  link line: [ /usr/local/gcc-7.2.0/libexec/gcc/arm-linux-gnueabihf/7.2.0/collect2 -plugin /usr/local/gcc-7.2.0/libexec/gcc/arm-linux-gnueabihf/7.2.0/liblto_plugin.so -plugin-opt=/usr/local/gcc-7.2.0/libexec/gcc/arm-linux-gnueabihf/7.2.0/lto-wrapper -plugin-opt=-fresolution=/tmp/ccUjVnQz.res -plugin-opt=-pass-through=-lgcc_s -plugin-opt=-pass-through=-lgcc -plugin-opt=-pass-through=-lc -plugin-opt=-pass-through=-lgcc_s -plugin-opt=-pass-through=-lgcc --eh-frame-hdr -dynamic-linker /lib/ld-linux-armhf.so.3 -X -m armelf_linux_eabi -o cmTC_0cf34 /usr/lib/arm-linux-gnueabihf/crt1.o /usr/lib/arm-linux-gnueabihf/crti.o /usr/local/gcc-7.2.0/lib/gcc/arm-linux-gnueabihf/7.2.0/crtbegin.o -L/usr/local/gcc-7.2.0/lib/gcc/arm-linux-gnueabihf/7.2.0 -L/usr/local/gcc-7.2.0/lib/gcc/arm-linux-gnueabihf/7.2.0/../../.. -L/lib/arm-linux-gnueabihf -L/usr/lib/arm-linux-gnueabihf CMakeFiles/cmTC_0cf34.dir/CMakeCXXCompilerABI.cpp.o -lstdc++ -lm -lgcc_s -lgcc -lc -lgcc_s -lgcc /usr/local/gcc-7.2.0/lib/gcc/arm-linux-gnueabihf/7.2.0/crtend.o /usr/lib/arm-linux-gnueabihf/crtn.o]
    arg [/usr/local/gcc-7.2.0/libexec/gcc/arm-linux-gnueabihf/7.2.0/collect2] ==> ignore
    arg [-plugin] ==> ignore
    arg [/usr/local/gcc-7.2.0/libexec/gcc/arm-linux-gnueabihf/7.2.0/liblto_plugin.so] ==> ignore
    arg [-plugin-opt=/usr/local/gcc-7.2.0/libexec/gcc/arm-linux-gnueabihf/7.2.0/lto-wrapper] ==> ignore
    arg [-plugin-opt=-fresolution=/tmp/ccUjVnQz.res] ==> ignore
    arg [-plugin-opt=-pass-through=-lgcc_s] ==> ignore
    arg [-plugin-opt=-pass-through=-lgcc] ==> ignore
    arg [-plugin-opt=-pass-through=-lc] ==> ignore
    arg [-plugin-opt=-pass-through=-lgcc_s] ==> ignore
    arg [-plugin-opt=-pass-through=-lgcc] ==> ignore
    arg [--eh-frame-hdr] ==> ignore
    arg [-dynamic-linker] ==> ignore
    arg [/lib/ld-linux-armhf.so.3] ==> ignore
    arg [-X] ==> ignore
    arg [-m] ==> ignore
    arg [armelf_linux_eabi] ==> ignore
    arg [-o] ==> ignore
    arg [cmTC_0cf34] ==> ignore
    arg [/usr/lib/arm-linux-gnueabihf/crt1.o] ==> ignore
    arg [/usr/lib/arm-linux-gnueabihf/crti.o] ==> ignore
    arg [/usr/local/gcc-7.2.0/lib/gcc/arm-linux-gnueabihf/7.2.0/crtbegin.o] ==> ignore
    arg [-L/usr/local/gcc-7.2.0/lib/gcc/arm-linux-gnueabihf/7.2.0] ==> dir [/usr/local/gcc-7.2.0/lib/gcc/arm-linux-gnueabihf/7.2.0]
    arg [-L/usr/local/gcc-7.2.0/lib/gcc/arm-linux-gnueabihf/7.2.0/../../..] ==> dir [/usr/local/gcc-7.2.0/lib/gcc/arm-linux-gnueabihf/7.2.0/../../..]
    arg [-L/lib/arm-linux-gnueabihf] ==> dir [/lib/arm-linux-gnueabihf]
    arg [-L/usr/lib/arm-linux-gnueabihf] ==> dir [/usr/lib/arm-linux-gnueabihf]
    arg [CMakeFiles/cmTC_0cf34.dir/CMakeCXXCompilerABI.cpp.o] ==> ignore
    arg [-lstdc++] ==> lib [stdc++]
    arg [-lm] ==> lib [m]
    arg [-lgcc_s] ==> lib [gcc_s]
    arg [-lgcc] ==> lib [gcc]
    arg [-lc] ==> lib [c]
    arg [-lgcc_s] ==> lib [gcc_s]
    arg [-lgcc] ==> lib [gcc]
    arg [/usr/local/gcc-7.2.0/lib/gcc/arm-linux-gnueabihf/7.2.0/crtend.o] ==> ignore
    arg [/usr/lib/arm-linux-gnueabihf/crtn.o] ==> ignore
  remove lib [gcc_s]
  remove lib [gcc]
  remove lib [gcc_s]
  remove lib [gcc]
  collapse library dir [/usr/local/gcc-7.2.0/lib/gcc/arm-linux-gnueabihf/7.2.0] ==> [/usr/local/gcc-7.2.0/lib/gcc/arm-linux-gnueabihf/7.2.0]
  collapse library dir [/usr/local/gcc-7.2.0/lib/gcc/arm-linux-gnueabihf/7.2.0/../../..] ==> [/usr/local/gcc-7.2.0/lib]
  collapse library dir [/lib/arm-linux-gnueabihf] ==> [/lib/arm-linux-gnueabihf]
  collapse library dir [/usr/lib/arm-linux-gnueabihf] ==> [/usr/lib/arm-linux-gnueabihf]
  implicit libs: [stdc++;m;c]
  implicit dirs: [/usr/local/gcc-7.2.0/lib/gcc/arm-linux-gnueabihf/7.2.0;/usr/local/gcc-7.2.0/lib;/lib/arm-linux-gnueabihf;/usr/lib/arm-linux-gnueabihf]
  implicit fwks: []




Detecting CXX [-std=c++14] compiler features compiled with the following output:
Change Dir: /home/pi/RPiComponents/output/build/CMakeFiles/CMakeTmp

Run Build Command:"/usr/bin/make" "cmTC_22b05/fast"
/usr/bin/make -f CMakeFiles/cmTC_22b05.dir/build.make CMakeFiles/cmTC_22b05.dir/build
make[1]: Entering directory '/home/pi/RPiComponents/output/build/CMakeFiles/CMakeTmp'
Building CXX object CMakeFiles/cmTC_22b05.dir/feature_tests.cxx.o
/usr/local/gcc-7.2.0/bin/g++-7.2.0     -std=c++14 -o CMakeFiles/cmTC_22b05.dir/feature_tests.cxx.o -c /home/pi/RPiComponents/output/build/CMakeFiles/feature_tests.cxx
Linking CXX executable cmTC_22b05
/usr/local/bin/cmake -E cmake_link_script CMakeFiles/cmTC_22b05.dir/link.txt --verbose=1
/usr/local/gcc-7.2.0/bin/g++-7.2.0        CMakeFiles/cmTC_22b05.dir/feature_tests.cxx.o  -o cmTC_22b05 
make[1]: Leaving directory '/home/pi/RPiComponents/output/build/CMakeFiles/CMakeTmp'


    Feature record: CXX_FEATURE:1cxx_aggregate_default_initializers
    Feature record: CXX_FEATURE:1cxx_alias_templates
    Feature record: CXX_FEATURE:1cxx_alignas
    Feature record: CXX_FEATURE:1cxx_alignof
    Feature record: CXX_FEATURE:1cxx_attributes
    Feature record: CXX_FEATURE:1cxx_attribute_deprecated
    Feature record: CXX_FEATURE:1cxx_auto_type
    Feature record: CXX_FEATURE:1cxx_binary_literals
    Feature record: CXX_FEATURE:1cxx_constexpr
    Feature record: CXX_FEATURE:1cxx_contextual_conversions
    Feature record: CXX_FEATURE:1cxx_decltype
    Feature record: CXX_FEATURE:1cxx_decltype_auto
    Feature record: CXX_FEATURE:1cxx_decltype_incomplete_return_types
    Feature record: CXX_FEATURE:1cxx_default_function_template_args
    Feature record: CXX_FEATURE:1cxx_defaulted_functions
    Feature record: CXX_FEATURE:1cxx_defaulted_move_initializers
    Feature record: CXX_FEATURE:1cxx_delegating_constructors
    Feature record: CXX_FEATURE:1cxx_deleted_functions
    Feature record: CXX_FEATURE:1cxx_digit_separators
    Feature record: CXX_FEATURE:1cxx_enum_forward_declarations
    Feature record: CXX_FEATURE:1cxx_explicit_conversions
    Feature record: CXX_FEATURE:1cxx_extended_friend_declarations
    Feature record: CXX_FEATURE:1cxx_extern_templates
    Feature record: CXX_FEATURE:1cxx_final
    Feature record: CXX_FEATURE:1cxx_func_identifier
    Feature record: CXX_FEATURE:1cxx_generalized_initializers
    Feature record: CXX_FEATURE:1cxx_generic_lambdas
    Feature record: CXX_FEATURE:1cxx_inheriting_constructors
    Feature record: CXX_FEATURE:1cxx_inline_namespaces
    Feature record: CXX_FEATURE:1cxx_lambdas
    Feature record: CXX_FEATURE:1cxx_lambda_init_captures
    Feature record: CXX_FEATURE:1cxx_local_type_template_args
    Feature record: CXX_FEATURE:1cxx_long_long_type
    Feature record: CXX_FEATURE:1cxx_noexcept
    Feature record: CXX_FEATURE:1cxx_nonstatic_member_init
    Feature record: CXX_FEATURE:1cxx_nullptr
    Feature record: CXX_FEATURE:1cxx_override
    Feature record: CXX_FEATURE:1cxx_range_for
    Feature record: CXX_FEATURE:1cxx_raw_string_literals
    Feature record: CXX_FEATURE:1cxx_reference_qualified_functions
    Feature record: CXX_FEATURE:1cxx_relaxed_constexpr
    Feature record: CXX_FEATURE:1cxx_return_type_deduction
    Feature record: CXX_FEATURE:1cxx_right_angle_brackets
    Feature record: CXX_FEATURE:1cxx_rvalue_references
    Feature record: CXX_FEATURE:1cxx_sizeof_member
    Feature record: CXX_FEATURE:1cxx_static_assert
    Feature record: CXX_FEATURE:1cxx_strong_enums
    Feature record: CXX_FEATURE:1cxx_template_template_parameters
    Feature record: CXX_FEATURE:1cxx_thread_local
    Feature record: CXX_FEATURE:1cxx_trailing_return_types
    Feature record: CXX_FEATURE:1cxx_unicode_literals
    Feature record: CXX_FEATURE:1cxx_uniform_initialization
    Feature record: CXX_FEATURE:1cxx_unrestricted_unions
    Feature record: CXX_FEATURE:1cxx_user_literals
    Feature record: CXX_FEATURE:1cxx_variable_templates
    Feature record: CXX_FEATURE:1cxx_variadic_macros
    Feature record: CXX_FEATURE:1cxx_variadic_templates


Detecting CXX [-std=c++11] compiler features compiled with the following output:
Change Dir: /home/pi/RPiComponents/output/build/CMakeFiles/CMakeTmp

Run Build Command:"/usr/bin/make" "cmTC_79b8c/fast"
/usr/bin/make -f CMakeFiles/cmTC_79b8c.dir/build.make CMakeFiles/cmTC_79b8c.dir/build
make[1]: Entering directory '/home/pi/RPiComponents/output/build/CMakeFiles/CMakeTmp'
Building CXX object CMakeFiles/cmTC_79b8c.dir/feature_tests.cxx.o
/usr/local/gcc-7.2.0/bin/g++-7.2.0     -std=c++11 -o CMakeFiles/cmTC_79b8c.dir/feature_tests.cxx.o -c /home/pi/RPiComponents/output/build/CMakeFiles/feature_tests.cxx
Linking CXX executable cmTC_79b8c
/usr/local/bin/cmake -E cmake_link_script CMakeFiles/cmTC_79b8c.dir/link.txt --verbose=1
/usr/local/gcc-7.2.0/bin/g++-7.2.0        CMakeFiles/cmTC_79b8c.dir/feature_tests.cxx.o  -o cmTC_79b8c 
make[1]: Leaving directory '/home/pi/RPiComponents/output/build/CMakeFiles/CMakeTmp'


    Feature record: CXX_FEATURE:0cxx_aggregate_default_initializers
    Feature record: CXX_FEATURE:1cxx_alias_templates
    Feature record: CXX_FEATURE:1cxx_alignas
    Feature record: CXX_FEATURE:1cxx_alignof
    Feature record: CXX_FEATURE:1cxx_attributes
    Feature record: CXX_FEATURE:0cxx_attribute_deprecated
    Feature record: CXX_FEATURE:1cxx_auto_type
    Feature record: CXX_FEATURE:0cxx_binary_literals
    Feature record: CXX_FEATURE:1cxx_constexpr
    Feature record: CXX_FEATURE:0cxx_contextual_conversions
    Feature record: CXX_FEATURE:1cxx_decltype
    Feature record: CXX_FEATURE:0cxx_decltype_auto
    Feature record: CXX_FEATURE:1cxx_decltype_incomplete_return_types
    Feature record: CXX_FEATURE:1cxx_default_function_template_args
    Feature record: CXX_FEATURE:1cxx_defaulted_functions
    Feature record: CXX_FEATURE:1cxx_defaulted_move_initializers
    Feature record: CXX_FEATURE:1cxx_delegating_constructors
    Feature record: CXX_FEATURE:1cxx_deleted_functions
    Feature record: CXX_FEATURE:0cxx_digit_separators
    Feature record: CXX_FEATURE:1cxx_enum_forward_declarations
    Feature record: CXX_FEATURE:1cxx_explicit_conversions
    Feature record: CXX_FEATURE:1cxx_extended_friend_declarations
    Feature record: CXX_FEATURE:1cxx_extern_templates
    Feature record: CXX_FEATURE:1cxx_final
    Feature record: CXX_FEATURE:1cxx_func_identifier
    Feature record: CXX_FEATURE:1cxx_generalized_initializers
    Feature record: CXX_FEATURE:0cxx_generic_lambdas
    Feature record: CXX_FEATURE:1cxx_inheriting_constructors
    Feature record: CXX_FEATURE:1cxx_inline_namespaces
    Feature record: CXX_FEATURE:1cxx_lambdas
    Feature record: CXX_FEATURE:0cxx_lambda_init_captures
    Feature record: CXX_FEATURE:1cxx_local_type_template_args
    Feature record: CXX_FEATURE:1cxx_long_long_type
    Feature record: CXX_FEATURE:1cxx_noexcept
    Feature record: CXX_FEATURE:1cxx_nonstatic_member_init
    Feature record: CXX_FEATURE:1cxx_nullptr
    Feature record: CXX_FEATURE:1cxx_override
    Feature record: CXX_FEATURE:1cxx_range_for
    Feature record: CXX_FEATURE:1cxx_raw_string_literals
    Feature record: CXX_FEATURE:1cxx_reference_qualified_functions
    Feature record: CXX_FEATURE:0cxx_relaxed_constexpr
    Feature record: CXX_FEATURE:0cxx_return_type_deduction
    Feature record: CXX_FEATURE:1cxx_right_angle_brackets
    Feature record: CXX_FEATURE:1cxx_rvalue_references
    Feature record: CXX_FEATURE:1cxx_sizeof_member
    Feature record: CXX_FEATURE:1cxx_static_assert
    Feature record: CXX_FEATURE:1cxx_strong_enums
    Feature record: CXX_FEATURE:1cxx_template_template_parameters
    Feature record: CXX_FEATURE:1cxx_thread_local
    Feature record: CXX_FEATURE:1cxx_trailing_return_types
    Feature record: CXX_FEATURE:1cxx_unicode_literals
    Feature record: CXX_FEATURE:1cxx_uniform_initialization
    Feature record: CXX_FEATURE:1cxx_unrestricted_unions
    Feature record: CXX_FEATURE:1cxx_user_literals
    Feature record: CXX_FEATURE:0cxx_variable_templates
    Feature record: CXX_FEATURE:1cxx_variadic_macros
    Feature record: CXX_FEATURE:1cxx_variadic_templates


Detecting CXX [-std=c++98] compiler features compiled with the following output:
Change Dir: /home/pi/RPiComponents/output/build/CMakeFiles/CMakeTmp

Run Build Command:"/usr/bin/make" "cmTC_3335f/fast"
/usr/bin/make -f CMakeFiles/cmTC_3335f.dir/build.make CMakeFiles/cmTC_3335f.dir/build
make[1]: Entering directory '/home/pi/RPiComponents/output/build/CMakeFiles/CMakeTmp'
Building CXX object CMakeFiles/cmTC_3335f.dir/feature_tests.cxx.o
/usr/local/gcc-7.2.0/bin/g++-7.2.0     -std=c++98 -o CMakeFiles/cmTC_3335f.dir/feature_tests.cxx.o -c /home/pi/RPiComponents/output/build/CMakeFiles/feature_tests.cxx
Linking CXX executable cmTC_3335f
/usr/local/bin/cmake -E cmake_link_script CMakeFiles/cmTC_3335f.dir/link.txt --verbose=1
/usr/local/gcc-7.2.0/bin/g++-7.2.0        CMakeFiles/cmTC_3335f.dir/feature_tests.cxx.o  -o cmTC_3335f 
make[1]: Leaving directory '/home/pi/RPiComponents/output/build/CMakeFiles/CMakeTmp'


    Feature record: CXX_FEATURE:0cxx_aggregate_default_initializers
    Feature record: CXX_FEATURE:0cxx_alias_templates
    Feature record: CXX_FEATURE:0cxx_alignas
    Feature record: CXX_FEATURE:0cxx_alignof
    Feature record: CXX_FEATURE:0cxx_attributes
    Feature record: CXX_FEATURE:0cxx_attribute_deprecated
    Feature record: CXX_FEATURE:0cxx_auto_type
    Feature record: CXX_FEATURE:0cxx_binary_literals
    Feature record: CXX_FEATURE:0cxx_constexpr
    Feature record: CXX_FEATURE:0cxx_contextual_conversions
    Feature record: CXX_FEATURE:0cxx_decltype
    Feature record: CXX_FEATURE:0cxx_decltype_auto
    Feature record: CXX_FEATURE:0cxx_decltype_incomplete_return_types
    Feature record: CXX_FEATURE:0cxx_default_function_template_args
    Feature record: CXX_FEATURE:0cxx_defaulted_functions
    Feature record: CXX_FEATURE:0cxx_defaulted_move_initializers
    Feature record: CXX_FEATURE:0cxx_delegating_constructors
    Feature record: CXX_FEATURE:0cxx_deleted_functions
    Feature record: CXX_FEATURE:0cxx_digit_separators
    Feature record: CXX_FEATURE:0cxx_enum_forward_declarations
    Feature record: CXX_FEATURE:0cxx_explicit_conversions
    Feature record: CXX_FEATURE:0cxx_extended_friend_declarations
    Feature record: CXX_FEATURE:0cxx_extern_templates
    Feature record: CXX_FEATURE:0cxx_final
    Feature record: CXX_FEATURE:0cxx_func_identifier
    Feature record: CXX_FEATURE:0cxx_generalized_initializers
    Feature record: CXX_FEATURE:0cxx_generic_lambdas
    Feature record: CXX_FEATURE:0cxx_inheriting_constructors
    Feature record: CXX_FEATURE:0cxx_inline_namespaces
    Feature record: CXX_FEATURE:0cxx_lambdas
    Feature record: CXX_FEATURE:0cxx_lambda_init_captures
    Feature record: CXX_FEATURE:0cxx_local_type_template_args
    Feature record: CXX_FEATURE:0cxx_long_long_type
    Feature record: CXX_FEATURE:0cxx_noexcept
    Feature record: CXX_FEATURE:0cxx_nonstatic_member_init
    Feature record: CXX_FEATURE:0cxx_nullptr
    Feature record: CXX_FEATURE:0cxx_override
    Feature record: CXX_FEATURE:0cxx_range_for
    Feature record: CXX_FEATURE:0cxx_raw_string_literals
    Feature record: CXX_FEATURE:0cxx_reference_qualified_functions
    Feature record: CXX_FEATURE:0cxx_relaxed_constexpr
    Feature record: CXX_FEATURE:0cxx_return_type_deduction
    Feature record: CXX_FEATURE:0cxx_right_angle_brackets
    Feature record: CXX_FEATURE:0cxx_rvalue_references
    Feature record: CXX_FEATURE:0cxx_sizeof_member
    Feature record: CXX_FEATURE:0cxx_static_assert
    Feature record: CXX_FEATURE:0cxx_strong_enums
    Feature record: CXX_FEATURE:1cxx_template_template_parameters
    Feature record: CXX_FEATURE:0cxx_thread_local
    Feature record: CXX_FEATURE:0cxx_trailing_return_types
    Feature record: CXX_FEATURE:0cxx_unicode_literals
    Feature record: CXX_FEATURE:0cxx_uniform_initialization
    Feature record: CXX_FEATURE:0cxx_unrestricted_unions
    Feature record: CXX_FEATURE:0cxx_user_literals
    Feature record: CXX_FEATURE:0cxx_variable_templates
    Feature record: CXX_FEATURE:0cxx_variadic_macros
    Feature record: CXX_FEATURE:0cxx_variadic_templates
